{
  "RSpec": {
    "coverage": {
      "/Users/astarte/MAcourse/boris-bikes/spec/docking_station_spec.rb": [
        1,
        null,
        1,
        11,
        1,
        10,
        10,
        null,
        null,
        1,
        51,
        null,
        null,
        2,
        2,
        null,
        1,
        1,
        21,
        2,
        null,
        null,
        1,
        1,
        1,
        null,
        null,
        null,
        1,
        null,
        1,
        1,
        1,
        1,
        1,
        null,
        null,
        1,
        2,
        null,
        null,
        1,
        1,
        1,
        2,
        null,
        null,
        null,
        1,
        1,
        1,
        null,
        null,
        1,
        21,
        2,
        null,
        null,
        null,
        1,
        1,
        1,
        6,
        2,
        null,
        null,
        null
      ],
      "/Users/astarte/MAcourse/boris-bikes/lib/docking_station.rb": [
        1,
        null,
        1,
        1,
        1,
        1,
        null,
        1,
        10,
        10,
        10,
        null,
        null,
        1,
        3,
        2,
        1,
        null,
        null,
        1,
        51,
        49,
        7,
        1,
        null,
        6,
        null,
        null,
        42,
        null,
        null,
        null,
        1,
        null,
        1,
        null,
        1,
        54,
        null,
        null,
        1,
        51,
        null,
        null,
        1,
        3,
        null,
        null,
        null
      ],
      "/Users/astarte/MAcourse/boris-bikes/lib/bike.rb": [
        1,
        null,
        1,
        0,
        null,
        null,
        1,
        0,
        null,
        null,
        1,
        0,
        null,
        null
      ]
    },
    "timestamp": 1509390781
  }
}
