{
  "RSpec": {
    "coverage": {
      "/Users/astarte/MAcourse/boris-bikes/spec/bike_spec.rb": [
        1,
        null,
        1,
        2,
        2,
        null,
        1,
        1,
        null,
        null,
        1,
        1,
        1,
        null,
        null
      ],
      "/Users/astarte/MAcourse/boris-bikes/lib/bike.rb": [
        1,
        null,
        1,
        1,
        null,
        null,
        1,
        1,
        null,
        null,
        1,
        1,
        null,
        null
      ],
      "/Users/astarte/MAcourse/boris-bikes/spec/docking_station_spec.rb": [
        1,
        null,
        1,
        10,
        1,
        9,
        9,
        null,
        null,
        1,
        45,
        null,
        null,
        2,
        2,
        null,
        1,
        1,
        1,
        20,
        null,
        2,
        null,
        null,
        1,
        1,
        1,
        null,
        null,
        null,
        1,
        null,
        1,
        1,
        1,
        1,
        null,
        null,
        1,
        2,
        null,
        null,
        1,
        1,
        1,
        2,
        null,
        null,
        null,
        1,
        1,
        1,
        null,
        null,
        1,
        21,
        2,
        null,
        null,
        null
      ],
      "/Users/astarte/MAcourse/boris-bikes/lib/docking_station.rb": [
        1,
        null,
        1,
        1,
        1,
        null,
        1,
        9,
        9,
        9,
        null,
        null,
        1,
        3,
        2,
        1,
        null,
        null,
        1,
        45,
        43,
        1,
        null,
        42,
        null,
        null,
        null,
        1,
        null,
        1,
        null,
        1,
        48,
        null,
        null,
        1,
        45,
        null,
        null,
        1,
        3,
        null,
        null
      ],
      "/Users/astarte/MAcourse/boris-bikes/spec/feature_spec.rb": [
        null,
        null,
        null,
        null,
        null,
        null,
        null,
        null
      ]
    },
    "timestamp": 1509299504
  }
}
